value\;20561562247896\;12\;args\;
open\;0\;20561573761588\;11\;org.ldemetrios.klog.example.ExpressionParser\;parseExpression
open\;1\;20561574016382\;27\;org.ldemetrios.klog.example.ExpressionParser\;parseExpr
open\;2\;20561574206569\;33\;org.ldemetrios.klog.example.ExpressionParser\;parseTerm
open\;3\;20561574412681\;45\;org.ldemetrios.klog.example.ExpressionParser\;parseFactor
open\;4\;20561574750939\;57\;org.ldemetrios.klog.example.ExpressionParser\;parseClause
open\;5\;20561574841458\;69\;org.ldemetrios.klog.example.ExpressionParser\;parseExpr
open\;6\;20561574916750\;33\;org.ldemetrios.klog.example.ExpressionParser\;parseTerm
open\;7\;20561574991205\;45\;org.ldemetrios.klog.example.ExpressionParser\;parseFactor
open\;8\;20561575089057\;57\;org.ldemetrios.klog.example.ExpressionParser\;parseClause
open\;9\;20561575358588\;77\;org.ldemetrios.klog.example.ExpressionParser\;takeWord
close\;10\;20561575425360\;returned\;x
value\;20561575756424\;77\;word\;x
close\;9\;20561576880574\;returned\;org.ldemetrios.klog.example.DoubleFunction$Companion$x$1@45ff54e6
value\;20561576970604\;63\;list\;[org.ldemetrios.klog.example.DoubleFunction$Companion$x$1@45ff54e6]
close\;8\;20561577141794\;returned\;org.ldemetrios.klog.example.DoubleFunction$Companion$x$1@45ff54e6
close\;7\;20561577199206\;returned\;org.ldemetrios.klog.example.DoubleFunction$Companion$x$1@45ff54e6
open\;6\;20561577268981\;36\;org.ldemetrios.klog.example.ExpressionParser\;parseTerm
open\;7\;20561577326603\;45\;org.ldemetrios.klog.example.ExpressionParser\;parseFactor
open\;8\;20561577382688\;57\;org.ldemetrios.klog.example.ExpressionParser\;parseClause
open\;9\;20561577585238\;75\;org.ldemetrios.klog.example.ExpressionParser\;takeNumber
close\;10\;20561578404935\;returned\;1.0
close\;9\;20561578570118\;returned\;org.ldemetrios.klog.example.DoubleFunction$Companion$const$1@4ccabbaa
value\;20561578623060\;63\;list\;[org.ldemetrios.klog.example.DoubleFunction$Companion$const$1@4ccabbaa]
close\;8\;20561578688854\;returned\;org.ldemetrios.klog.example.DoubleFunction$Companion$const$1@4ccabbaa
open\;7\;20561578755276\;48\;org.ldemetrios.klog.example.ExpressionParser\;parseFactor
open\;8\;20561578810663\;57\;org.ldemetrios.klog.example.ExpressionParser\;parseClause
open\;9\;20561578868914\;75\;org.ldemetrios.klog.example.ExpressionParser\;takeNumber
close\;10\;20561578911240\;returned\;2.0
close\;9\;20561578951750\;returned\;org.ldemetrios.klog.example.DoubleFunction$Companion$const$1@4bf558aa
open\;8\;20561579012235\;60\;org.ldemetrios.klog.example.ExpressionParser\;parseClause
open\;9\;20561579071883\;73\;org.ldemetrios.klog.example.ExpressionParser\;parseClause
open\;10\;20561579154439\;75\;org.ldemetrios.klog.example.ExpressionParser\;takeNumber
close\;11\;20561579201933\;returned\;3.0
close\;10\;20561579244259\;returned\;org.ldemetrios.klog.example.DoubleFunction$Companion$const$1@2d38eb89
close\;9\;20561579677227\;returned\;org.ldemetrios.klog.example.DoubleFunction$unaryMinus$1@27f8302d
value\;20561579740227\;63\;list\;[org.ldemetrios.klog.example.DoubleFunction$Companion$const$1@4bf558aa, org.ldemetrios.klog.example.DoubleFunction$unaryMinus$1@27f8302d]
close\;8\;20561580209024\;returned\;org.ldemetrios.klog.example.DoubleFunction$invoke$1@23ab930d
value\;20561580278729\;50\;res\;org.ldemetrios.klog.example.DoubleFunction$times$1@4534b60d
close\;7\;20561580358352\;returned\;org.ldemetrios.klog.example.DoubleFunction$times$1@4534b60d
value\;20561580585418\;38\;res\;org.ldemetrios.klog.example.DoubleFunction$plus$1@619a5dff
close\;6\;20561580659383\;returned\;org.ldemetrios.klog.example.DoubleFunction$plus$1@619a5dff
close\;5\;20561580712744\;returned\;org.ldemetrios.klog.example.DoubleFunction$plus$1@619a5dff
value\;20561580775256\;63\;list\;[org.ldemetrios.klog.example.DoubleFunction$plus$1@619a5dff]
close\;4\;20561580854529\;returned\;org.ldemetrios.klog.example.DoubleFunction$plus$1@619a5dff
open\;3\;20561580933663\;49\;org.ldemetrios.klog.example.ExpressionParser\;parseFactor
open\;4\;20561581034310\;57\;org.ldemetrios.klog.example.ExpressionParser\;parseClause
open\;5\;20561581142988\;75\;org.ldemetrios.klog.example.ExpressionParser\;takeNumber
close\;6\;20561581206896\;returned\;2.0
close\;5\;20561581271293\;returned\;org.ldemetrios.klog.example.DoubleFunction$Companion$const$1@1ed6993a
value\;20561581345538\;63\;list\;[org.ldemetrios.klog.example.DoubleFunction$Companion$const$1@1ed6993a]
close\;4\;20561581420551\;returned\;org.ldemetrios.klog.example.DoubleFunction$Companion$const$1@1ed6993a
value\;20561581711594\;50\;res\;org.ldemetrios.klog.example.DoubleFunction$div$1@7ab2bfe1
close\;3\;20561581818037\;returned\;org.ldemetrios.klog.example.DoubleFunction$div$1@7ab2bfe1
open\;2\;20561581889139\;36\;org.ldemetrios.klog.example.ExpressionParser\;parseTerm
open\;3\;20561581950183\;45\;org.ldemetrios.klog.example.ExpressionParser\;parseFactor
open\;4\;20561582025965\;57\;org.ldemetrios.klog.example.ExpressionParser\;parseClause
open\;5\;20561582104331\;75\;org.ldemetrios.klog.example.ExpressionParser\;takeNumber
close\;6\;20561582159368\;returned\;3.0
close\;5\;20561582213777\;returned\;org.ldemetrios.klog.example.DoubleFunction$Companion$const$1@497470ed
value\;20561582267209\;63\;list\;[org.ldemetrios.klog.example.DoubleFunction$Companion$const$1@497470ed]
close\;4\;20561582346762\;returned\;org.ldemetrios.klog.example.DoubleFunction$Companion$const$1@497470ed
open\;3\;20561582420657\;48\;org.ldemetrios.klog.example.ExpressionParser\;parseFactor
open\;4\;20561582496718\;57\;org.ldemetrios.klog.example.ExpressionParser\;parseClause
open\;5\;20561582586888\;77\;org.ldemetrios.klog.example.ExpressionParser\;takeWord
close\;6\;20561582639760\;returned\;x
value\;20561582687185\;77\;word\;x
close\;5\;20561582750534\;returned\;org.ldemetrios.klog.example.DoubleFunction$Companion$x$1@45ff54e6
value\;20561582808296\;63\;list\;[org.ldemetrios.klog.example.DoubleFunction$Companion$x$1@45ff54e6]
close\;4\;20561582871715\;returned\;org.ldemetrios.klog.example.DoubleFunction$Companion$x$1@45ff54e6
value\;20561582921095\;50\;res\;org.ldemetrios.klog.example.DoubleFunction$times$1@63c12fb0
close\;3\;20561582990451\;returned\;org.ldemetrios.klog.example.DoubleFunction$times$1@63c12fb0
value\;20561583046257\;38\;res\;org.ldemetrios.klog.example.DoubleFunction$plus$1@b1a58a3
close\;2\;20561583115403\;returned\;org.ldemetrios.klog.example.DoubleFunction$plus$1@b1a58a3
close\;1\;20561583169253\;returned\;org.ldemetrios.klog.example.DoubleFunction$plus$1@b1a58a3
value\;20561583224500\;14\;sample\;org.ldemetrios.klog.example.DoubleFunction$plus$1@b1a58a3
